INFO Deno Pact Plugin is alive
INFO InitPlugin
INFO {"implementation":"plugin-driver-rust","version":"0.1.16"}
INFO InitPluginResponse
INFO {"catalogue":[{"type":0,"key":"deno-plugin-matcher-example","values":{"content-types":"application/matt"}}]}
INFO UpdateCatalogue
INFO {"catalogue":[{"type":"MATCHER","key":"v3-time"},{"type":"MATCHER","key":"v3-decimal-type"},{"type":"MATCHER","key":"v4-max-equals-ignore-order"},{"type":"MATCHER","key":"v4-min-equals-ignore-order"},{"key":"json","values":{"content-types":"application/.*json,application/json-rpc,application/jsonrequest"}},{"type":"MATCHER","key":"v2-max-type"},{"type":"MATCHER","key":"v3-datetime"},{"type":"MATCHER","key":"v4-equals-ignore-order"},{"type":"CONTENT_GENERATOR","key":"json","values":{"content-types":"application/.*json,application/json-rpc,application/jsonrequest"}},{"type":"MATCHER","key":"v4-semver"},{"type":"MATCHER","key":"v3-date"},{"key":"deno-plugin-matcher-example","values":{"content-types":"application/matt"}},{"key":"text","values":{"content-types":"text/plain"}},{"type":"MATCHER","key":"v1-equality"},{"type":"MATCHER","key":"v2-regex"},{"type":"MATCHER","key":"v4-array-contains"},{"type":"TRANSPORT","key":"http"},{"type":"MATCHER","key":"v3-integer-type"},{"type":"TRANSPORT","key":"https"},{"type":"MATCHER","key":"v2-min-type"},{"key":"multipart-form-data","values":{"content-types":"multipart/form-data,multipart/mixed"}},{"type":"MATCHER","key":"v4-minmax-equals-ignore-order"},{"type":"MATCHER","key":"v3-number-type"},{"type":"CONTENT_GENERATOR","key":"binary","values":{"content-types":"application/octet-stream"}},{"type":"MATCHER","key":"v2-minmax-type"},{"type":"MATCHER","key":"v2-type"},{"key":"xml","values":{"content-types":"application/.*xml,text/xml"}},{"type":"MATCHER","key":"v3-includes"},{"type":"MATCHER","key":"v4-not-empty"},{"type":"MATCHER","key":"v3-null"},{"type":"MATCHER","key":"v3-content-type"}]}
INFO ConfigureInteraction
INFO Deno Pact Plugin is alive
INFO InitPlugin
INFO {"implementation":"plugin-driver-rust","version":"0.1.16"}
INFO InitPluginResponse
INFO {"catalogue":[{"type":0,"key":"deno-plugin-matcher-example","values":{"content-types":"application/matt"}}]}
INFO UpdateCatalogue
INFO {"catalogue":[{"type":"MATCHER","key":"v2-type"},{"type":"MATCHER","key":"v3-decimal-type"},{"type":"CONTENT_GENERATOR","key":"json","values":{"content-types":"application/.*json,application/json-rpc,application/jsonrequest"}},{"type":"MATCHER","key":"v4-semver"},{"type":"CONTENT_GENERATOR","key":"binary","values":{"content-types":"application/octet-stream"}},{"type":"MATCHER","key":"v4-minmax-equals-ignore-order"},{"type":"MATCHER","key":"v3-includes"},{"type":"MATCHER","key":"v2-minmax-type"},{"type":"MATCHER","key":"v3-date"},{"type":"MATCHER","key":"v4-array-contains"},{"key":"xml","values":{"content-types":"application/.*xml,text/xml"}},{"type":"TRANSPORT","key":"http"},{"type":"MATCHER","key":"v3-time"},{"type":"MATCHER","key":"v4-not-empty"},{"key":"text","values":{"content-types":"text/plain"}},{"type":"MATCHER","key":"v4-equals-ignore-order"},{"type":"MATCHER","key":"v2-max-type"},{"type":"MATCHER","key":"v3-datetime"},{"type":"MATCHER","key":"v4-min-equals-ignore-order"},{"type":"MATCHER","key":"v4-max-equals-ignore-order"},{"type":"MATCHER","key":"v3-content-type"},{"key":"deno-plugin-matcher-example","values":{"content-types":"application/matt"}},{"type":"MATCHER","key":"v2-min-type"},{"type":"MATCHER","key":"v3-null"},{"type":"MATCHER","key":"v3-integer-type"},{"type":"MATCHER","key":"v1-equality"},{"key":"json","values":{"content-types":"application/.*json,application/json-rpc,application/jsonrequest"}},{"type":"MATCHER","key":"v2-regex"},{"key":"multipart-form-data","values":{"content-types":"multipart/form-data,multipart/mixed"}},{"type":"TRANSPORT","key":"https"},{"type":"MATCHER","key":"v3-number-type"}]}
INFO Deno Pact Plugin is alive
INFO InitPlugin
INFO {"implementation":"plugin-driver-rust","version":"0.1.16"}
INFO InitPluginResponse
INFO {"catalogue":[{"type":0,"key":"deno-plugin-matcher-example","values":{"content-types":"application/matt"}}]}
INFO UpdateCatalogue
INFO {"catalogue":[{"type":"CONTENT_GENERATOR","key":"json","values":{"content-types":"application/.*json,application/json-rpc,application/jsonrequest"}},{"type":"MATCHER","key":"v3-time"},{"type":"MATCHER","key":"v3-null"},{"type":"MATCHER","key":"v3-content-type"},{"type":"MATCHER","key":"v4-array-contains"},{"type":"MATCHER","key":"v2-minmax-type"},{"type":"MATCHER","key":"v3-integer-type"},{"type":"MATCHER","key":"v4-equals-ignore-order"},{"type":"MATCHER","key":"v4-semver"},{"key":"json","values":{"content-types":"application/.*json,application/json-rpc,application/jsonrequest"}},{"type":"MATCHER","key":"v3-datetime"},{"type":"MATCHER","key":"v2-type"},{"type":"MATCHER","key":"v3-includes"},{"type":"MATCHER","key":"v3-date"},{"type":"MATCHER","key":"v3-number-type"},{"type":"MATCHER","key":"v2-max-type"},{"type":"MATCHER","key":"v1-equality"},{"type":"MATCHER","key":"v4-minmax-equals-ignore-order"},{"key":"xml","values":{"content-types":"application/.*xml,text/xml"}},{"type":"MATCHER","key":"v3-decimal-type"},{"key":"text","values":{"content-types":"text/plain"}},{"key":"deno-plugin-matcher-example","values":{"content-types":"application/matt"}},{"type":"MATCHER","key":"v4-min-equals-ignore-order"},{"type":"TRANSPORT","key":"https"},{"type":"MATCHER","key":"v2-min-type"},{"type":"TRANSPORT","key":"http"},{"type":"CONTENT_GENERATOR","key":"binary","values":{"content-types":"application/octet-stream"}},{"type":"MATCHER","key":"v2-regex"},{"key":"multipart-form-data","values":{"content-types":"multipart/form-data,multipart/mixed"}},{"type":"MATCHER","key":"v4-not-empty"},{"type":"MATCHER","key":"v4-max-equals-ignore-order"}]}
INFO ConfigureInteraction
